0 info it worked if it ends with ok
1 verbose cli [ '/Users/ryan/.nvm/versions/node/v5.3.0/bin/node',
1 verbose cli   '/Users/ryan/.nvm/versions/node/v5.3.0/bin/npm',
1 verbose cli   'run',
1 verbose cli   'start' ]
2 info using npm@3.5.3
3 info using node@v5.3.0
4 verbose stack Error: Invalid version: "0.1"
4 verbose stack     at Object.module.exports.fixVersionField (/Users/ryan/.nvm/versions/node/v5.3.0/lib/node_modules/npm/node_modules/normalize-package-data/lib/fixer.js:191:13)
4 verbose stack     at /Users/ryan/.nvm/versions/node/v5.3.0/lib/node_modules/npm/node_modules/normalize-package-data/lib/normalize.js:32:38
4 verbose stack     at Array.forEach (native)
4 verbose stack     at normalize (/Users/ryan/.nvm/versions/node/v5.3.0/lib/node_modules/npm/node_modules/normalize-package-data/lib/normalize.js:31:15)
4 verbose stack     at final (/Users/ryan/.nvm/versions/node/v5.3.0/lib/node_modules/npm/node_modules/read-package-json/read-json.js:338:5)
4 verbose stack     at then (/Users/ryan/.nvm/versions/node/v5.3.0/lib/node_modules/npm/node_modules/read-package-json/read-json.js:113:5)
4 verbose stack     at ReadFileContext.<anonymous> (/Users/ryan/.nvm/versions/node/v5.3.0/lib/node_modules/npm/node_modules/read-package-json/read-json.js:297:29)
4 verbose stack     at ReadFileContext.callback (/Users/ryan/.nvm/versions/node/v5.3.0/lib/node_modules/npm/node_modules/graceful-fs/graceful-fs.js:76:16)
4 verbose stack     at FSReqWrap.readFileAfterOpen [as oncomplete] (fs.js:324:13)
5 verbose cwd /Users/ryan/Projects/vimeo-thumbnail-getter
6 error Darwin 15.3.0
7 error argv "/Users/ryan/.nvm/versions/node/v5.3.0/bin/node" "/Users/ryan/.nvm/versions/node/v5.3.0/bin/npm" "run" "start"
8 error node v5.3.0
9 error npm  v3.5.3
10 error Invalid version: "0.1"
11 error If you need help, you may report this error at:
11 error     <https://github.com/npm/npm/issues>
12 verbose exit [ 1, true ]
